[20:03:50] Starting 'js-client-app--dev'...
[20:03:50] Finished 'js-client-app--dev' after 344 ms
[20:03:57] Starting 'js-client-app--dev'...
[20:03:57] { [ReactifyError: client/js/loginDlg.jsx: Parse Error: Line 80: Adjacent JSX elements must be wrapped in an enclosing tag]
plugin: 'gulp-browserify',
showStack: false,
name: 'ReactifyError',
message: 'client/js/loginDlg.jsx: Parse Error: Line 80: Adjacent JSX elements must be wrapped in an enclosing tag',
fileName: 'client/js/loginDlg.jsx',
lineNumber: 80,
stack: 'ReactifyError: client/js/loginDlg.jsx: Parse Error: Line 80: Adjacent JSX elements must be wrapped in an enclosing tag\n    at throwError (/var/www/html/todo/node_modules/reactify/node_modules/react-tools/node_modules/jstransform/node_modules/esprima-fb/esprima.js:2808:21)\n    at parseJSXElement (/var/www/html/todo/node_modules/reactify/node_modules/react-tools/node_modules/jstransform/node_modules/esprima-fb/esprima.js:7160:13)\n    at parsePrimaryExpression (/var/www/html/todo/node_modules/reactify/node_modules/react-tools/node_modules/jstransform/node_modules/esprima-fb/esprima.js:3572:20)\n    at parseLeftHandSideExpressionAllowCall (/var/www/html/todo/node_modules/reactify/node_modules/react-tools/node_modules/jstransform/node_modules/esprima-fb/esprima.js:3656:61)\n    at parsePostfixExpression (/var/www/html/todo/node_modules/reactify/node_modules/react-tools/node_modules/jstransform/node_modules/esprima-fb/esprima.js:3696:20)\n    at parseUnaryExpression (/var/www/html/todo/node_modules/reactify/node_modules/react-tools/node_modules/jstransform/node_modules/esprima-fb/esprima.js:3763:16)\n    at parseBinaryExpression (/var/www/html/todo/node_modules/reactify/node_modules/react-tools/node_modules/jstransform/node_modules/esprima-fb/esprima.js:3853:16)\n    at parseConditionalExpression (/var/www/html/todo/node_modules/reactify/node_modules/react-tools/node_modules/jstransform/node_modules/esprima-fb/esprima.js:3913:16)\n    at parseAssignmentExpression (/var/www/html/todo/node_modules/reactify/node_modules/react-tools/node_modules/jstransform/node_modules/esprima-fb/esprima.js:4166:16)\n    at parseExpression (/var/www/html/todo/node_modules/reactify/node_modules/react-tools/node_modules/jstransform/node_modules/esprima-fb/esprima.js:4223:16)\n    at parseGroupExpression (/var/www/html/todo/node_modules/reactify/node_modules/react-tools/node_modules/jstransform/node_modules/esprima-fb/esprima.js:3464:16)' }
[20:03:57] Finished 'js-client-app--dev' after 71 ms
[20:05:20] Starting 'js-client-app--dev'...
[20:05:21] Finished 'js-client-app--dev' after 504 ms
[20:09:05] Starting 'js-client-app--dev'...
[20:09:05] { [ReactifyError: client/js/loginDlg.jsx: Parse Error: Line 92: Unexpected token if]
plugin: 'gulp-browserify',
showStack: false,
name: 'ReactifyError',
message: 'client/js/loginDlg.jsx: Parse Error: Line 92: Unexpected token if',
fileName: 'client/js/loginDlg.jsx',
lineNumber: 92,
stack: 'ReactifyError: client/js/loginDlg.jsx: Parse Error: Line 92: Unexpected token if\n    at throwError (/var/www/html/todo/node_modules/reactify/node_modules/react-tools/node_modules/jstransform/node_modules/esprima-fb/esprima.js:2808:21)\n    at throwUnexpected (/var/www/html/todo/node_modules/reactify/node_modules/react-tools/node_modules/jstransform/node_modules/esprima-fb/esprima.js:2862:13)\n    at parsePrimaryExpression (/var/www/html/todo/node_modules/reactify/node_modules/react-tools/node_modules/jstransform/node_modules/esprima-fb/esprima.js:3575:9)\n    at parseLeftHandSideExpressionAllowCall (/var/www/html/todo/node_modules/reactify/node_modules/react-tools/node_modules/jstransform/node_modules/esprima-fb/esprima.js:3656:61)\n    at parsePostfixExpression (/var/www/html/todo/node_modules/reactify/node_modules/react-tools/node_modules/jstransform/node_modules/esprima-fb/esprima.js:3696:20)\n    at parseUnaryExpression (/var/www/html/todo/node_modules/reactify/node_modules/react-tools/node_modules/jstransform/node_modules/esprima-fb/esprima.js:3763:16)\n    at parseBinaryExpression (/var/www/html/todo/node_modules/reactify/node_modules/react-tools/node_modules/jstransform/node_modules/esprima-fb/esprima.js:3853:16)\n    at parseConditionalExpression (/var/www/html/todo/node_modules/reactify/node_modules/react-tools/node_modules/jstransform/node_modules/esprima-fb/esprima.js:3913:16)\n    at parseAssignmentExpression (/var/www/html/todo/node_modules/reactify/node_modules/react-tools/node_modules/jstransform/node_modules/esprima-fb/esprima.js:4166:16)\n    at parseExpression (/var/www/html/todo/node_modules/reactify/node_modules/react-tools/node_modules/jstransform/node_modules/esprima-fb/esprima.js:4223:16)\n    at parseJSXExpressionContainer (/var/www/html/todo/node_modules/reactify/node_modules/react-tools/node_modules/jstransform/node_modules/esprima-fb/esprima.js:7006:26)' }
[20:09:05] Finished 'js-client-app--dev' after 93 ms
[20:11:00] Starting 'js-client-app--dev'...
[20:11:00] Finished 'js-client-app--dev' after 408 ms
[20:11:39] Starting 'js-client-app--dev'...
[20:11:39] { [ReactifyError: client/js/loginDlg.jsx: Parse Error: Line 80: Adjacent JSX elements must be wrapped in an enclosing tag]
plugin: 'gulp-browserify',
showStack: false,
name: 'ReactifyError',
message: 'client/js/loginDlg.jsx: Parse Error: Line 80: Adjacent JSX elements must be wrapped in an enclosing tag',
fileName: 'client/js/loginDlg.jsx',
lineNumber: 80,
stack: 'ReactifyError: client/js/loginDlg.jsx: Parse Error: Line 80: Adjacent JSX elements must be wrapped in an enclosing tag\n    at throwError (/var/www/html/todo/node_modules/reactify/node_modules/react-tools/node_modules/jstransform/node_modules/esprima-fb/esprima.js:2808:21)\n    at parseJSXElement (/var/www/html/todo/node_modules/reactify/node_modules/react-tools/node_modules/jstransform/node_modules/esprima-fb/esprima.js:7160:13)\n    at parsePrimaryExpression (/var/www/html/todo/node_modules/reactify/node_modules/react-tools/node_modules/jstransform/node_modules/esprima-fb/esprima.js:3572:20)\n    at parseLeftHandSideExpressionAllowCall (/var/www/html/todo/node_modules/reactify/node_modules/react-tools/node_modules/jstransform/node_modules/esprima-fb/esprima.js:3656:61)\n    at parsePostfixExpression (/var/www/html/todo/node_modules/reactify/node_modules/react-tools/node_modules/jstransform/node_modules/esprima-fb/esprima.js:3696:20)\n    at parseUnaryExpression (/var/www/html/todo/node_modules/reactify/node_modules/react-tools/node_modules/jstransform/node_modules/esprima-fb/esprima.js:3763:16)\n    at parseBinaryExpression (/var/www/html/todo/node_modules/reactify/node_modules/react-tools/node_modules/jstransform/node_modules/esprima-fb/esprima.js:3853:16)\n    at parseConditionalExpression (/var/www/html/todo/node_modules/reactify/node_modules/react-tools/node_modules/jstransform/node_modules/esprima-fb/esprima.js:3913:16)\n    at parseAssignmentExpression (/var/www/html/todo/node_modules/reactify/node_modules/react-tools/node_modules/jstransform/node_modules/esprima-fb/esprima.js:4166:16)\n    at parseExpression (/var/www/html/todo/node_modules/reactify/node_modules/react-tools/node_modules/jstransform/node_modules/esprima-fb/esprima.js:4223:16)\n    at parseGroupExpression (/var/www/html/todo/node_modules/reactify/node_modules/react-tools/node_modules/jstransform/node_modules/esprima-fb/esprima.js:3464:16)' }
[20:11:39] Finished 'js-client-app--dev' after 70 ms
[20:13:55] Starting 'stylus-public'...
[20:13:55] Starting 'stylus-app'...
[20:13:55] Finished 'stylus-public' after 3.61 ms
[20:13:55] Finished 'stylus-app' after 27 ms
[20:13:55] Starting 'stylus'...
[20:13:55] Finished 'stylus' after 8.98 μs
[20:15:22] Starting 'js-client-app--dev'...
[20:15:22] Starting 'stylus-public'...
[20:15:22] Starting 'stylus-app'...
[20:15:22] Finished 'stylus-public' after 2.82 ms
[20:15:22] Finished 'stylus-app' after 32 ms
[20:15:22] Starting 'stylus'...
[20:15:22] Finished 'stylus' after 4.25 μs
[20:15:22] { [ReactifyError: client/js/loginDlg.jsx: Parse Error: Line 80: Adjacent JSX elements must be wrapped in an enclosing tag]
plugin: 'gulp-browserify',
showStack: false,
name: 'ReactifyError',
message: 'client/js/loginDlg.jsx: Parse Error: Line 80: Adjacent JSX elements must be wrapped in an enclosing tag',
fileName: 'client/js/loginDlg.jsx',
lineNumber: 80,
stack: 'ReactifyError: client/js/loginDlg.jsx: Parse Error: Line 80: Adjacent JSX elements must be wrapped in an enclosing tag\n    at throwError (/var/www/html/todo/node_modules/reactify/node_modules/react-tools/node_modules/jstransform/node_modules/esprima-fb/esprima.js:2808:21)\n    at parseJSXElement (/var/www/html/todo/node_modules/reactify/node_modules/react-tools/node_modules/jstransform/node_modules/esprima-fb/esprima.js:7160:13)\n    at parsePrimaryExpression (/var/www/html/todo/node_modules/reactify/node_modules/react-tools/node_modules/jstransform/node_modules/esprima-fb/esprima.js:3572:20)\n    at parseLeftHandSideExpressionAllowCall (/var/www/html/todo/node_modules/reactify/node_modules/react-tools/node_modules/jstransform/node_modules/esprima-fb/esprima.js:3656:61)\n    at parsePostfixExpression (/var/www/html/todo/node_modules/reactify/node_modules/react-tools/node_modules/jstransform/node_modules/esprima-fb/esprima.js:3696:20)\n    at parseUnaryExpression (/var/www/html/todo/node_modules/reactify/node_modules/react-tools/node_modules/jstransform/node_modules/esprima-fb/esprima.js:3763:16)\n    at parseBinaryExpression (/var/www/html/todo/node_modules/reactify/node_modules/react-tools/node_modules/jstransform/node_modules/esprima-fb/esprima.js:3853:16)\n    at parseConditionalExpression (/var/www/html/todo/node_modules/reactify/node_modules/react-tools/node_modules/jstransform/node_modules/esprima-fb/esprima.js:3913:16)\n    at parseAssignmentExpression (/var/www/html/todo/node_modules/reactify/node_modules/react-tools/node_modules/jstransform/node_modules/esprima-fb/esprima.js:4166:16)\n    at parseExpression (/var/www/html/todo/node_modules/reactify/node_modules/react-tools/node_modules/jstransform/node_modules/esprima-fb/esprima.js:4223:16)\n    at parseGroupExpression (/var/www/html/todo/node_modules/reactify/node_modules/react-tools/node_modules/jstransform/node_modules/esprima-fb/esprima.js:3464:16)' }
[20:15:22] Finished 'js-client-app--dev' after 94 ms
[20:17:13] Starting 'js-client-app--dev'...
[20:17:13] Finished 'js-client-app--dev' after 536 ms
[20:18:57] Starting 'js-client-app--dev'...
[20:18:57] Finished 'js-client-app--dev' after 434 ms
[20:20:43] Starting 'js-client-app--dev'...
[20:20:43] Finished 'js-client-app--dev' after 433 ms
[20:25:38] Starting 'js-client-app--dev'...
[20:25:39] Finished 'js-client-app--dev' after 532 ms
[20:26:18] Starting 'js-client-app--dev'...
[20:26:19] Finished 'js-client-app--dev' after 427 ms
[20:26:39] Starting 'js-client-app--dev'...
[20:26:40] Finished 'js-client-app--dev' after 483 ms
[20:43:12] Starting 'js-client-app--dev'...
[20:43:13] Finished 'js-client-app--dev' after 497 ms
[20:46:07] Starting 'js-client-app--dev'...
[20:46:07] Finished 'js-client-app--dev' after 3.21 ms
[20:46:07] Starting 'js-client-app--dev'...
[20:46:07] Finished 'js-client-app--dev' after 1.16 ms
[20:46:39] Starting 'js-client-app--dev'...
[20:46:39] Finished 'js-client-app--dev' after 1.16 ms
[20:56:56] Starting 'js-client-app--dev'...
[20:56:56] Finished 'js-client-app--dev' after 1.14 ms
[20:59:05] Starting 'js-client-app--dev'...
[20:59:05] Finished 'js-client-app--dev' after 1.15 ms
[20:59:28] Starting 'js-client-app--dev'...
[20:59:28] Finished 'js-client-app--dev' after 1.15 ms
[20:59:36] Starting 'js-client-app--dev'...
[20:59:36] Finished 'js-client-app--dev' after 1.15 ms
[20:59:51] Starting 'js-client-app--dev'...
[20:59:51] Finished 'js-client-app--dev' after 1.28 ms
[21:00:02] Starting 'js-client-app--dev'...
[21:00:02] Finished 'js-client-app--dev' after 1.13 ms
